<?xml version="1.0" encoding="UTF-8"?>
<testsuite name="Newtours Loggin" tests="2" skipped="0" failures="1" errors="0" timestamp="2018-10-24T22:03:45" hostname="RC-PC" time="37.41">
  <properties/>
  <testcase name="Enter the register flight page" classname="Newtours Loggin" time="13.317"/>
  <testcase name="Enter the register flight page" classname="Newtours Loggin" time="24.091">
    <failure message="java.lang.AssertionError: Login Failed - &#10;Expected: a collection containing &quot;SIGN-OFF&quot;&#10;     but: " type="java.lang.AssertionError">java.lang.AssertionError: Login Failed - 
Expected: a collection containing &quot;SIGN-OFF&quot;
     but: 
	at net.serenitybdd.screenplay.ErrorTally.throwSummaryExceptionFrom(ErrorTally.java:36)
	at net.serenitybdd.screenplay.ErrorTally.reportAnyErrors(ErrorTally.java:30)
	at net.serenitybdd.screenplay.Actor.should(Actor.java:244)
	at com.newtours.automation.stepdefinitions.NewtoursLoginStepDefinition.heShouldSeeTheFindFlightPage(NewtoursLoginStepDefinition.java:54)
	at ✽.he should see the find flight page(src/test/resources/features/newtours_login.feature:12)
</failure>
  </testcase>
  <system-out><![CDATA[]]></system-out>
  <system-err><![CDATA[oct 24, 2018 5:03:45 PM org.openqa.selenium.remote.DesiredCapabilities chrome
INFORMACIÓN: Using `new ChromeOptions()` is preferred to `DesiredCapabilities.chrome()`
Starting ChromeDriver 2.42.591088 (7b2b2dca23cca0862f674758c9a3933e685c27d5) on port 28442
Only local connections are allowed.
oct 24, 2018 5:03:48 PM org.openqa.selenium.remote.ProtocolHandshake createSession
INFORMACIÓN: Detected dialect: OSS
[Test worker] INFO net.thucydides.core.steps.ConsoleLoggingListener - 
        __    _____ _____ ____ _____   ____   _    ____  ____  _____ ____  
  _     \ \  |_   _| ____/ ___|_   _| |  _ \ / \  / ___|/ ___|| ____|  _ \ 
 (_)_____| |   | | |  _| \___ \ | |   | |_) / _ \ \___ \\___ \|  _| | | | |
  _|_____| |   | | | |___ ___) || |   |  __/ ___ \ ___) |___) | |___| |_| |
 (_)     | |   |_| |_____|____/ |_|   |_| /_/   \_\____/|____/|_____|____/ 
        /_/                                                                

TEST PASSED: Enter the register flight page
----------------------------------------------------------------------------
oct 24, 2018 5:03:58 PM org.openqa.selenium.remote.DesiredCapabilities chrome
INFORMACIÓN: Using `new ChromeOptions()` is preferred to `DesiredCapabilities.chrome()`
oct 24, 2018 5:04:00 PM org.openqa.selenium.remote.ProtocolHandshake createSession
INFORMACIÓN: Detected dialect: OSS
[Test worker] ERROR net.thucydides.core.steps.ConsoleLoggingListener - 
           __  _____ _____ ____ _____   _____ _    ___ _     _____ ____  
  _       / / |_   _| ____/ ___|_   _| |  ___/ \  |_ _| |   | ____|  _ \ 
 (_)_____| |    | | |  _| \___ \ | |   | |_ / _ \  | || |   |  _| | | | |
  _|_____| |    | | | |___ ___) || |   |  _/ ___ \ | || |___| |___| |_| |
 (_)     | |    |_| |_____|____/ |_|   |_|/_/   \_\___|_____|_____|____/ 
          \_\                                                            

TEST FAILED: Enter the register flight page
--------------------------------------------------------------------------
[Test worker] ERROR net.thucydides.core.steps.ConsoleLoggingListener - TEST FAILED AT STEP Then newtours result should be a collection containing 'SIGN-OFF'
[Test worker] ERROR net.thucydides.core.steps.ConsoleLoggingListener - Login Failed - Expected: a collection containing "SIGN-OFF" but:
]]></system-err>
</testsuite>
